GowinSynthesis start
Running parser ...
Analyzing Verilog file '/Users/leomoura/Project/LeomouraIT/FPGA-Practical-labs/projects/servo_control/src/progress_servo.v'
Compiling module 'led_servo_futaba'("/Users/leomoura/Project/LeomouraIT/FPGA-Practical-labs/projects/servo_control/src/progress_servo.v":1)
WARN  (EX1998) : Net 'pwm_duty[0]' does not have a driver("/Users/leomoura/Project/LeomouraIT/FPGA-Practical-labs/projects/servo_control/src/progress_servo.v":19)
NOTE  (EX0101) : Current top module is "led_servo_futaba"
[5%] Running netlist conversion ...
Running device independent optimization ...
[10%] Optimizing Phase 0 completed
[15%] Optimizing Phase 1 completed
[25%] Optimizing Phase 2 completed
Running inference ...
[30%] Inferring Phase 0 completed
[40%] Inferring Phase 1 completed
[50%] Inferring Phase 2 completed
[55%] Inferring Phase 3 completed
Running technical mapping ...
[60%] Tech-Mapping Phase 0 completed
[65%] Tech-Mapping Phase 1 completed
[75%] Tech-Mapping Phase 2 completed
[80%] Tech-Mapping Phase 3 completed
[90%] Tech-Mapping Phase 4 completed
[95%] Generate netlist file "/Users/leomoura/Project/LeomouraIT/FPGA-Practical-labs/projects/servo_control/impl/gwsynthesis/servo_control.vg" completed
[100%] Generate report file "/Users/leomoura/Project/LeomouraIT/FPGA-Practical-labs/projects/servo_control/impl/gwsynthesis/servo_control_syn.rpt.html" completed
GowinSynthesis finish
