Reading netlist file: "/Users/leomoura/Project/LeomouraIT/FPGA-Practical-labs/projects/servo_control/impl/gwsynthesis/servo_control.vg"
Parsing netlist file "/Users/leomoura/Project/LeomouraIT/FPGA-Practical-labs/projects/servo_control/impl/gwsynthesis/servo_control.vg" completed
Processing netlist completed
Reading constraint file: "/Users/leomoura/Project/LeomouraIT/FPGA-Practical-labs/projects/servo_control/src/servo_control.cst"
Physical Constraint parsed completed
Running placement......
[10%] Placement Phase 0 completed
[20%] Placement Phase 1 completed
[30%] Placement Phase 2 completed
WARN  (TA1132) :  'sys_clk' was determined to be a clock but was not created.
[50%] Placement Phase 3 completed
Running routing......
[60%] Routing Phase 0 completed
[70%] Routing Phase 1 completed
[80%] Routing Phase 2 completed
[90%] Routing Phase 3 completed
Running timing analysis......
[95%] Timing analysis completed
Placement and routing completed
Bitstream generation in progress......
Bitstream generation completed
Running power analysis......
[100%] Power analysis completed
Generate file "/Users/leomoura/Project/LeomouraIT/FPGA-Practical-labs/projects/servo_control/impl/pnr/servo_control.power.html" completed
Generate file "/Users/leomoura/Project/LeomouraIT/FPGA-Practical-labs/projects/servo_control/impl/pnr/servo_control.pin.html" completed
Generate file "/Users/leomoura/Project/LeomouraIT/FPGA-Practical-labs/projects/servo_control/impl/pnr/servo_control.rpt.html" completed
Generate file "/Users/leomoura/Project/LeomouraIT/FPGA-Practical-labs/projects/servo_control/impl/pnr/servo_control.rpt.txt" completed
Generate file "/Users/leomoura/Project/LeomouraIT/FPGA-Practical-labs/projects/servo_control/impl/pnr/servo_control.tr.html" completed
Thu Mar 26 20:20:59 2026

